mode: atomic
weatherapi/internal/svc/servicecontext.go:32.57,41.31 5 3
weatherapi/internal/svc/servicecontext.go:41.31,43.17 2 1
weatherapi/internal/svc/servicecontext.go:43.17,45.4 1 1
weatherapi/internal/svc/servicecontext.go:46.8,48.3 1 2
weatherapi/internal/svc/servicecontext.go:50.2,50.31 1 3
weatherapi/internal/svc/servicecontext.go:50.31,52.17 2 0
weatherapi/internal/svc/servicecontext.go:52.17,54.4 1 0
weatherapi/internal/svc/servicecontext.go:55.8,57.3 1 3
weatherapi/internal/svc/servicecontext.go:59.2,59.40 1 3
weatherapi/internal/svc/servicecontext.go:59.40,61.17 2 0
weatherapi/internal/svc/servicecontext.go:61.17,63.4 1 0
weatherapi/internal/svc/servicecontext.go:63.9,66.4 2 0
weatherapi/internal/svc/servicecontext.go:69.2,69.12 1 3
weatherapi/internal/svc/servicecontext.go:73.36,74.26 1 2
weatherapi/internal/svc/servicecontext.go:74.26,77.3 2 1
weatherapi/internal/logic/getweatherlogic.go:50.69,52.2 1 5
weatherapi/internal/logic/getweatherlogic.go:55.40,61.2 1 15
weatherapi/internal/logic/getweatherlogic.go:127.91,130.19 3 2
weatherapi/internal/logic/getweatherlogic.go:130.19,132.3 1 1
weatherapi/internal/logic/getweatherlogic.go:133.2,140.3 1 2
weatherapi/internal/logic/getweatherlogic.go:144.29,146.2 1 32
weatherapi/internal/logic/getweatherlogic.go:149.32,151.2 1 37
weatherapi/internal/logic/getweatherlogic.go:156.48,158.20 2 14
weatherapi/internal/logic/getweatherlogic.go:158.20,160.3 1 2
weatherapi/internal/logic/getweatherlogic.go:162.2,165.31 3 12
weatherapi/internal/logic/getweatherlogic.go:165.31,167.3 1 4
weatherapi/internal/logic/getweatherlogic.go:169.2,169.39 1 8
weatherapi/internal/logic/getweatherlogic.go:169.39,171.36 2 6
weatherapi/internal/logic/getweatherlogic.go:171.36,172.38 1 18
weatherapi/internal/logic/getweatherlogic.go:172.38,174.5 1 4
weatherapi/internal/logic/getweatherlogic.go:176.3,176.18 1 2
weatherapi/internal/logic/getweatherlogic.go:179.2,179.11 1 2
weatherapi/internal/logic/getweatherlogic.go:184.49,185.27 1 17
weatherapi/internal/logic/getweatherlogic.go:186.14,187.11 1 10
weatherapi/internal/logic/getweatherlogic.go:188.21,189.17 1 5
weatherapi/internal/logic/getweatherlogic.go:189.17,190.34 1 3
weatherapi/internal/logic/getweatherlogic.go:190.34,192.5 1 2
weatherapi/internal/logic/getweatherlogic.go:195.2,195.11 1 5
weatherapi/internal/logic/getweatherlogic.go:199.46,200.17 1 24
weatherapi/internal/logic/getweatherlogic.go:201.13,202.15 1 4
weatherapi/internal/logic/getweatherlogic.go:203.16,204.17 1 2
weatherapi/internal/logic/getweatherlogic.go:205.13,206.17 1 1
weatherapi/internal/logic/getweatherlogic.go:207.98,208.16 1 8
weatherapi/internal/logic/getweatherlogic.go:209.59,210.16 1 5
weatherapi/internal/logic/getweatherlogic.go:211.20,212.17 1 2
weatherapi/internal/logic/getweatherlogic.go:213.10,214.19 1 2
weatherapi/internal/logic/getweatherlogic.go:219.47,220.18 1 37
weatherapi/internal/logic/getweatherlogic.go:220.18,222.3 1 1
weatherapi/internal/logic/getweatherlogic.go:223.2,223.55 1 36
weatherapi/internal/logic/getweatherlogic.go:227.92,229.22 2 7
weatherapi/internal/logic/getweatherlogic.go:229.22,231.3 1 1
weatherapi/internal/logic/getweatherlogic.go:233.2,243.16 9 6
weatherapi/internal/logic/getweatherlogic.go:243.16,245.3 1 0
weatherapi/internal/logic/getweatherlogic.go:246.2,249.16 3 6
weatherapi/internal/logic/getweatherlogic.go:249.16,251.3 1 0
weatherapi/internal/logic/getweatherlogic.go:252.2,254.42 2 6
weatherapi/internal/logic/getweatherlogic.go:254.42,256.3 1 1
weatherapi/internal/logic/getweatherlogic.go:258.2,259.62 2 5
weatherapi/internal/logic/getweatherlogic.go:259.62,261.3 1 1
weatherapi/internal/logic/getweatherlogic.go:263.2,263.29 1 4
weatherapi/internal/logic/getweatherlogic.go:263.29,265.3 1 1
weatherapi/internal/logic/getweatherlogic.go:267.2,268.18 2 3
weatherapi/internal/logic/getweatherlogic.go:268.18,270.3 1 1
weatherapi/internal/logic/getweatherlogic.go:272.2,272.20 1 2
weatherapi/internal/logic/getweatherlogic.go:276.78,278.22 2 5
weatherapi/internal/logic/getweatherlogic.go:278.22,280.3 1 1
weatherapi/internal/logic/getweatherlogic.go:282.2,292.16 9 4
weatherapi/internal/logic/getweatherlogic.go:292.16,294.3 1 0
weatherapi/internal/logic/getweatherlogic.go:295.2,298.16 3 4
weatherapi/internal/logic/getweatherlogic.go:298.16,300.3 1 0
weatherapi/internal/logic/getweatherlogic.go:301.2,303.42 2 4
weatherapi/internal/logic/getweatherlogic.go:303.42,305.3 1 0
weatherapi/internal/logic/getweatherlogic.go:307.2,308.60 2 4
weatherapi/internal/logic/getweatherlogic.go:308.60,310.3 1 1
weatherapi/internal/logic/getweatherlogic.go:312.2,312.57 1 3
weatherapi/internal/logic/getweatherlogic.go:312.57,314.3 1 1
weatherapi/internal/logic/getweatherlogic.go:316.2,316.40 1 2
weatherapi/internal/logic/getweatherlogic.go:321.77,322.31 1 6
weatherapi/internal/logic/getweatherlogic.go:322.31,324.3 1 1
weatherapi/internal/logic/getweatherlogic.go:326.2,327.16 2 5
weatherapi/internal/logic/getweatherlogic.go:327.16,329.3 1 2
weatherapi/internal/logic/getweatherlogic.go:331.2,331.18 1 3
weatherapi/internal/logic/getweatherlogic.go:331.18,333.3 1 1
weatherapi/internal/logic/getweatherlogic.go:335.2,338.20 3 2
weatherapi/internal/logic/getweatherlogic.go:338.20,340.3 1 1
weatherapi/internal/logic/getweatherlogic.go:342.2,343.38 2 1
weatherapi/internal/logic/getweatherlogic.go:348.74,350.22 2 18
weatherapi/internal/logic/getweatherlogic.go:350.22,352.3 1 1
weatherapi/internal/logic/getweatherlogic.go:354.2,357.35 4 17
weatherapi/internal/logic/getweatherlogic.go:357.35,359.3 1 13
weatherapi/internal/logic/getweatherlogic.go:360.2,366.16 5 17
weatherapi/internal/logic/getweatherlogic.go:366.16,368.3 1 1
weatherapi/internal/logic/getweatherlogic.go:369.2,372.16 3 16
weatherapi/internal/logic/getweatherlogic.go:372.16,374.3 1 0
weatherapi/internal/logic/getweatherlogic.go:375.2,377.42 2 16
weatherapi/internal/logic/getweatherlogic.go:377.42,379.3 1 0
weatherapi/internal/logic/getweatherlogic.go:381.2,382.59 2 16
weatherapi/internal/logic/getweatherlogic.go:382.59,384.3 1 1
weatherapi/internal/logic/getweatherlogic.go:386.2,386.26 1 15
weatherapi/internal/logic/getweatherlogic.go:386.26,388.3 1 5
weatherapi/internal/logic/getweatherlogic.go:390.2,391.18 2 10
weatherapi/internal/logic/getweatherlogic.go:391.18,393.3 1 1
weatherapi/internal/logic/getweatherlogic.go:395.2,395.20 1 9
weatherapi/internal/logic/getweatherlogic.go:402.70,403.49 1 12
weatherapi/internal/logic/getweatherlogic.go:403.49,405.17 2 2
weatherapi/internal/logic/getweatherlogic.go:405.17,407.4 1 1
weatherapi/internal/logic/getweatherlogic.go:408.3,408.69 1 1
weatherapi/internal/logic/getweatherlogic.go:411.2,411.17 1 11
weatherapi/internal/logic/getweatherlogic.go:411.17,413.17 2 10
weatherapi/internal/logic/getweatherlogic.go:413.17,415.4 1 6
weatherapi/internal/logic/getweatherlogic.go:416.3,416.82 1 4
weatherapi/internal/logic/getweatherlogic.go:417.8,419.3 1 1
weatherapi/internal/logic/getweatherlogic.go:421.2,421.27 1 5
weatherapi/internal/logic/getweatherlogic.go:426.106,428.49 2 8
weatherapi/internal/logic/getweatherlogic.go:428.49,430.3 1 1
weatherapi/internal/logic/getweatherlogic.go:430.8,432.3 1 7
weatherapi/internal/logic/getweatherlogic.go:434.2,434.46 1 8
weatherapi/internal/logic/getweatherlogic.go:434.46,435.55 1 1
weatherapi/internal/logic/getweatherlogic.go:435.55,438.4 2 1
weatherapi/internal/logic/getweatherlogic.go:441.2,442.22 2 7
weatherapi/internal/logic/getweatherlogic.go:442.22,444.3 1 1
weatherapi/internal/logic/getweatherlogic.go:446.2,447.49 2 6
weatherapi/internal/logic/getweatherlogic.go:447.49,449.3 1 1
weatherapi/internal/logic/getweatherlogic.go:449.8,451.3 1 5
weatherapi/internal/logic/getweatherlogic.go:452.2,452.16 1 6
weatherapi/internal/logic/getweatherlogic.go:452.16,454.3 1 0
weatherapi/internal/logic/getweatherlogic.go:456.2,467.16 10 6
weatherapi/internal/logic/getweatherlogic.go:467.16,469.3 1 1
weatherapi/internal/logic/getweatherlogic.go:470.2,473.16 3 5
weatherapi/internal/logic/getweatherlogic.go:473.16,475.3 1 0
weatherapi/internal/logic/getweatherlogic.go:476.2,478.42 2 5
weatherapi/internal/logic/getweatherlogic.go:478.42,480.3 1 0
weatherapi/internal/logic/getweatherlogic.go:482.2,483.64 2 5
weatherapi/internal/logic/getweatherlogic.go:483.64,485.3 1 0
weatherapi/internal/logic/getweatherlogic.go:487.2,487.62 1 5
weatherapi/internal/logic/getweatherlogic.go:487.62,489.3 1 1
weatherapi/internal/logic/getweatherlogic.go:491.2,495.16 4 4
weatherapi/internal/logic/getweatherlogic.go:495.16,497.3 1 1
weatherapi/internal/logic/getweatherlogic.go:499.2,507.18 3 3
weatherapi/internal/handler/getweatherhandler.go:20.69,21.54 1 5
weatherapi/internal/handler/getweatherhandler.go:21.54,23.46 2 5
weatherapi/internal/handler/getweatherhandler.go:23.46,26.4 2 0
weatherapi/internal/handler/getweatherhandler.go:28.3,28.19 1 5
weatherapi/internal/handler/getweatherhandler.go:28.19,30.4 1 3
weatherapi/internal/handler/getweatherhandler.go:32.3,34.17 3 5
weatherapi/internal/handler/getweatherhandler.go:34.17,36.4 1 1
weatherapi/internal/handler/getweatherhandler.go:36.9,38.4 1 4
weatherapi/internal/handler/getweatherhandler.go:45.42,46.53 1 14
weatherapi/internal/handler/getweatherhandler.go:46.53,47.47 1 6
weatherapi/internal/handler/getweatherhandler.go:47.47,49.4 1 2
weatherapi/internal/handler/getweatherhandler.go:50.3,50.31 1 4
weatherapi/internal/handler/getweatherhandler.go:52.2,52.47 1 8
weatherapi/internal/handler/getweatherhandler.go:52.47,54.3 1 2
weatherapi/internal/handler/getweatherhandler.go:55.2,56.16 2 6
weatherapi/internal/handler/getweatherhandler.go:56.16,58.3 1 1
weatherapi/internal/handler/getweatherhandler.go:59.2,59.32 1 5
weatherapi/internal/handler/routes.go:14.75,25.2 1 0
